<?xml version="1.0" encoding="UTF-8"?>
<!-- Generated by org.testng.reporters.JUnitReportReporter -->
<testsuite skipped="0" hostname="ACROlap32" name="com.inetbanking.testCases.TC_LoginTest001" tests="2" failures="0" timestamp="18 Sep 2020 13:59:34 GMT" time="30.394" errors="0">
  <testcase name="loginTest" time="17.612" classname="com.inetbanking.testCases.TC_LoginTest001"/>
  <testcase name="loginTest" time="12.782" classname="com.inetbanking.testCases.TC_LoginTest001"/>
</testsuite> <!-- com.inetbanking.testCases.TC_LoginTest001 -->
